<?xml version="1.0" encoding="UTF-8"?>
<!-- Generated by org.testng.reporters.JUnitReportReporter -->
<testsuite skipped="0" hostname="DESKTOP-C09UPJQ" name="GreedyTest.Testclass" tests="1" failures="0" timestamp="2020-07-07T22:09:12 IST" time="25.020" errors="0">
  <testcase name="TestCases" time="25.020" classname="GreedyTest.Testclass"/>
  <system-out/>
</testsuite> <!-- GreedyTest.Testclass -->
